<?xml version="1.0" encoding="UTF-8"?>
<Site BuildName="Darwin-clang++"
	BuildStamp="20240116-1416-Experimental"
	Name="MacBook-Pro-Insane.local"
	Generator="ctest-3.26.4"
	CompilerName="/usr/bin/clang++"
	CompilerVersion="13.0.0.13000029"
	OSName="macOS"
	Hostname="MacBook-Pro-Insane.local"
	OSRelease="11.7.10"
	OSVersion="20G1427"
	OSPlatform="x86_64"
	Is64Bits="1"
	VendorString="GenuineIntel"
	VendorID="Intel Corporation"
	FamilyID="6"
	ModelID="142"
	ProcessorCacheSize="32768"
	NumberOfLogicalCPU="8"
	NumberOfPhysicalCPU="4"
	TotalVirtualMemory="2048"
	TotalPhysicalMemory="8192"
	LogicalProcessorsPerPhysical="8"
	ProcessorClockFrequency="2300"
	>
	<Testing>
		<StartDateTime>Jan 16 17:23 MSK</StartDateTime>
		<StartTestTime>1705415014</StartTestTime>
		<TestList/>
		<EndDateTime>Jan 16 17:23 MSK</EndDateTime>
		<EndTestTime>1705415014</EndTestTime>
		<ElapsedMinutes>0</ElapsedMinutes>
	</Testing>
</Site>
